2 -0.507875381516016 -1.1066101824425276 -1.1519091877593368 -1.1245616111579089
2 -0.7938934199264659 -1.128402399220907 -1.15197674950563 -1.1745031607042635
2 -0.9777174164092678 -1.128402399220907 -1.1517064996405872 -1.1840622317127112
2 -1.0656324183998909 -1.128402399220907 -1.1520443141317929 -1.186256932631817
2 -1.1321801506625668 -1.128402399220907 -1.1518416260130435 -1.1874762044554092
2 -1.1779011607426773 -1.128402399220907 -1.1521794376243797 -1.1877200594325823
2 -1.2067822596075073 -1.128402399220907 -1.1516389378942942 -1.1877688292031074
2 -1.2384068373332184 -1.128402399220907 -1.15197674950563 -1.188061453950806
2 -1.2521256866781247 -1.128402399220907 -1.1517064996405872 -1.1882565382387718
2 -1.2632203704830685 -1.128402399220907 -1.1516389378942942 -1.1883053092342064
2 -1.2786474373738117 -1.128402399220907 -1.1515713761480009 -1.188503416598743
2 -1.284063098111123 -1.128402399220907 -1.1515038144017078 -1.1883053092342064
2 -1.3006712941269367 -1.128402399220907 -1.15197674950563 -1.188503416598743
2 -1.304169502494654 -1.128402399220907 -1.1518416260130435 -1.188503416598743
2 -1.309658206265016 -1.128402399220907 -1.1514362526554145 -1.188503416598743
2 -1.314385851102371 -1.128402399220907 -1.1518416260130435 -1.188503416598743
2 -1.3188354377003657 -1.128402399220907 -1.1519091877593368 -1.188503416598743
2 -1.3229043857038192 -1.128402399220907 -1.1522469993706723 -1.188503416598743
2 -1.3262924475057616 -1.128402399220907 -1.1520443141317929 -1.188503416598743
2 -1.3278478130471774 -1.128402399220907 -1.1522469993706723 -1.188503416598743
2 -1.3308342836713931 -1.128402399220907 -1.1515038144017078 -1.188503416598743
2 -1.3321745214750305 -1.128402399220907 -1.15197674950563 -1.188503416598743
2 -1.3348962474804518 -1.128402399220907 -1.15197674950563 -1.188503416598743
2 -1.33609585561986 -1.128402399220907 -1.1517740642667502 -1.188503416598743
2 -1.3383625904612408 -1.128402399220907 -1.1516389378942942 -1.188503416598743
2 -1.3393779904734744 -1.128402399220907 -1.1521794376243797 -1.188503416598743
2 -1.340306670071967 -1.128402399220907 -1.1523145611169658 -1.188503416598743
2 -1.3412774003408807 -1.128402399220907 -1.1521118758780862 -1.188503416598743
2 -1.326102200960516 -1.128402399220907 -1.1517740642667502 -1.188503416598743
2 -1.3400313036575295 -1.128402399220907 -1.1517064996405872 -1.188503416598743
2 -1.3426494307794214 -1.128402399220907 -1.1517740642667502 -1.188503416598743
2 -1.3441287704547638 -1.128402399220907 -1.1513686909091212 -1.188503416598743
2 -1.3462988178549855 -1.128402399220907 -1.1515713761480009 -1.188503416598743
2 -1.3468728313318448 -1.128402399220907 -1.1520443141317929 -1.188503416598743
2 -1.3474207268317466 -1.128402399220907 -1.1515713761480009 -1.188503416598743
2 -1.3479279539497009 -1.128402399220907 -1.1520443141317929 -1.188503416598743
2 -1.3479279539497009 -1.128402399220907 -1.15197674950563 -1.188503416598743
2 -1.3484196121343164 -1.128402399220907 -1.1518416260130435 -1.188503416598743
2 -1.3484196121343164 -1.128402399220907 -1.1516389378942942 -1.188503416598743
2 -1.3484196121343164 -1.128402399220907 -1.1517740642667502 -1.188503416598743
2 -1.3488828970292008 -1.128402399220907 -1.1519091877593368 -1.188503416598743
2 -1.3493124977365332 -1.128402399220907 -1.15197674950563 -1.188503416598743
2 -1.353686960593564 -1.128402399220907 -1.1521118758780862 -1.188503416598743
2 -1.3538743188834188 -1.128402399220907 -1.1522469993706723 -1.188503416598743
2 -1.3538743188834188 -1.128402399220907 -1.1517740642667502 -1.188503416598743
2 -1.3538743188834188 -1.128402399220907 -1.1515713761480009 -1.188503416598743
2 -1.3538743188834188 -1.128402399220907 -1.15197674950563 -1.188503416598743
2 -1.3540499495468516 -1.128402399220907 -1.1516389378942942 -1.188503416598743
2 -1.3540499495468516 -1.128402399220907 -1.1516389378942942 -1.188503416598743
2 -1.3540499495468516 -1.128402399220907 -1.1521794376243797 -1.188503416598743
2 -1.3540499495468516 -1.128402399220907 -1.1517740642667502 -1.188503416598743
2 -1.3542227501565138 -1.128402399220907 -1.1519091877593368 -1.188503416598743
2 -1.3542227501565138 -1.128402399220907 -1.1513686909091212 -1.188503416598743
2 -1.3543799381816215 -1.128402399220907 -1.1515713761480009 -1.188503416598743
2 -1.3543799381816215 -1.128402399220907 -1.1519091877593368 -1.188503416598743
2 -1.3543799381816215 -1.128402399220907 -1.15197674950563 -1.188503416598743
2 -1.3545288470262906 -1.128402399220907 -1.15197674950563 -1.188503416598743
2 -1.3545288470262906 -1.128402399220907 -1.1517740642667502 -1.188503416598743
2 -1.3545288470262906 -1.128402399220907 -1.1515713761480009 -1.188503416598743
2 -1.3504641040898788 0.4412421819007129 -1.1521794376243797 -0.2758999277718373
2 -1.016118117738864 -0.4186436327004351 -1.1525848109820085 -0.6973300307275904
2 -0.8994638833320645 -1.064101400631785 -1.1520443141317929 -1.1090527261381484
0 -0.1793563376497626 -1.128402399220907 -1.1518416260130435 -1.1747470095568897
1 0.3097628012946102 -0.3488971807444254 -1.1515713761480009 1.4014788505643894
1 0.6234186064634867 -0.3436322833192652 -1.1515038144017078 1.4156694267676806
0 0.8441700757706382 -0.343480502492594 0.564985837603527 -0.6226595494714278
0 0.9589727711424484 -0.3435563929059296 0.2249452070165846 -1.085154742389662
1 1.0803085983548095 -0.1853343674027849 -0.3201479154530715 1.4046973001953038
1 1.0803085983548095 -0.1849580774366623 -0.0453708950322211 1.4160124014191195
1 0.8245706802489866 -0.1847304061966554 -0.054897504441339 1.4163033174181083
1 0.6957704952767093 -0.18510669616277806 -0.0103084798097268 1.4158654122827885
1 0.5928773063892875 -0.18510669616277806 0.0087447390085093 1.4165972956907704
1 0.5928773063892875 -0.18480629660999104 0.0294855615491584 1.4165972956907704
1 0.4914318827983795 -0.1852584769894493 0.0468511766449811 1.4158164159040116
1 0.4914318827983795 -0.18480629660999104 0.0518506306758846 1.4162053246605544
1 0.4914318827983795 -0.1847304061966554 0.0659706324693869 1.4163033174181083
1 0.4914318827983795 -0.18510669616277806 0.066512047998079 1.4158654122827885
1 0.4914318827983795 -0.18480629660999104 0.068876421131358 1.416548299311993
1 0.4914318827983795 -0.1848821870233266 0.0692824827778771 1.4161103941766735
1 0.4914318827983795 -0.1846545157833199 0.0648215644058325 1.4162053246605544
1 0.4914318827983795 -0.1845058970572042 0.0688073042553547 1.4169372080685356
1 0.4914318827983795 -0.1846545157833199 0.0685365964910084 1.4167442848271017
1 0.4914318827983795 -0.1852584769894493 0.0696856645545628 1.4162053246605544
1 0.4914318827983795 -0.1845058970572042 0.0700254891949122 1.4165972956907704
1 0.4914318827983795 -0.1852584769894493 0.0673212914212842 1.4159144086615656
1 0.4914318827983795 -0.1852584769894493 0.0709038494941205 1.4164993029332162
1 0.4914318827983795 -0.18510669616277806 0.066512047998079 1.4160613977978966
1 0.4914318827983795 -0.1849580774366623 0.0719146838056686 1.4163523137968854
1 0.4914318827983795 -0.1849580774366623 0.0698901353127392 1.4163033174181083
1 0.4914318827983795 -0.1846545157833199 0.0717822097933288 1.4164503065544392
1 0.4914318827983795 -0.1852584769894493 0.0652276260523516 1.4161593905554508
1 0.4914318827983795 -0.1850308057494424 0.0706331417297746 1.4162053246605544
1 0.4914318827983795 -0.1847304061966554 0.0704977878476012 1.416548299311993
1 0.4914318827983795 -0.1847304061966554 0.0679980608321497 1.4165972956907704
1 0.4914318827983795 -0.1845817874705397 0.0690780120197008 1.4166952884483244
1 0.4914318827983795 -0.1851825865761137 0.0677273530678035 1.4161593905554508
1 0.4914318827983795 -0.1850308057494424 0.0739421121684311 1.4159634050403431
1 0.4914318827983795 -0.1853343674027849 0.0682687685964956 1.4163523137968854
1 0.4914318827983795 -0.18510669616277806 0.0706993787359441 1.4168392153109814
1 0.4914318827983795 -0.18510669616277806 0.0684703594848385 1.4161593905554508
